<?xml version="1.0" encoding="UTF-8"?>
<!-- Generated by org.testng.reporters.JUnitReportReporter -->
<testsuite hostname="SatheeshChaganti" failures="0" tests="1" name="newFB.RunnerClass" time="5.382" errors="1" timestamp="2023-06-29T08:24:50 IST" skipped="0">
  <testcase classname="newFB.RunnerClass" name="runScenario" time="5.382">
    <error message="Cannot invoke &quot;org.openqa.selenium.SearchContext.findElement(org.openqa.selenium.By)&quot; because &quot;this.searchContext&quot; is null" type="java.lang.NullPointerException">
      <![CDATA[java.lang.NullPointerException: Cannot invoke "org.openqa.selenium.SearchContext.findElement(org.openqa.selenium.By)" because "this.searchContext" is null
at org.openqa.selenium.support.pagefactory.DefaultElementLocator.findElement(DefaultElementLocator.java:70)
at org.openqa.selenium.support.pagefactory.internal.LocatingElementHandler.invoke(LocatingElementHandler.java:39)
at jdk.proxy2/jdk.proxy2.$Proxy23.clear(Unknown Source)
at pomPages.Fb.email(Fb.java:28)
at newFB.Facebook.user_enter_email_and_password(Facebook.java:33)
at ✽.User enter email and password(file:///D:/BDD/Feature%20Files/Facebook.feature:6)
]]>
    </error>
  </testcase> <!-- runScenario -->
  <system-out/>
</testsuite> <!-- newFB.RunnerClass -->
